<?xml version="1.0" encoding="UTF-8"?>
<testsuite xmlns:xsi="http://www.w3.org/2001/XMLSchema-instance" xsi:noNamespaceSchemaLocation="https://maven.apache.org/surefire/maven-surefire-plugin/xsd/surefire-test-report-3.0.xsd" version="3.0" name="org.bookingsystemrestapi.api.ApiApplicationTests" time="2.935" tests="1" errors="0" skipped="0" failures="0">
  <properties>
[...]
</properties>
  <testcase name="contextLoads" classname="org.bookingsystemrestapi.api.ApiApplicationTests" time="0.488">
    <system-out><![CDATA[11:01:18.593 [main] INFO org.springframework.test.context.support.AnnotationConfigContextLoaderUtils -- Could not detect default configuration classes for test class [org.bookingsystemrestapi.api.ApiApplicationTests]: ApiApplicationTests does not declare any static, non-private, non-final, nested classes annotated with @Configuration.
11:01:18.658 [main] INFO org.springframework.boot.test.context.SpringBootTestContextBootstrapper -- Found @SpringBootConfiguration org.bookingsystemrestapi.api.ApiApplication for test class org.bookingsystemrestapi.api.ApiApplicationTests

  .   ____          _            __ _ _
 /\\ / ___'_ __ _ _(_)_ __  __ _ \ \ \ \
( ( )\___ | '_ | '_| | '_ \/ _` | \ \ \ \
 \\/  ___)| |_)| | | | | || (_| |  ) ) ) )
  '  |____| .__|_| |_|_| |_\__, | / / / /
 =========|_|==============|___/=/_/_/_/

 :: Spring Boot ::                (v3.3.4)

2024-10-28T11:01:18.912-06:00  INFO 10344 --- [           main] o.b.api.ApiApplicationTests              : Starting ApiApplicationTests using Java 17.0.11 with PID 10344 (started by José in C:\Curso\Bookin)
2024-10-28T11:01:18.913-06:00  INFO 10344 --- [           main] o.b.api.ApiApplicationTests              : No active profile set, falling back to 1 default profile: "default"
2024-10-28T11:01:19.359-06:00  INFO 10344 --- [           main] .s.d.r.c.RepositoryConfigurationDelegate : Bootstrapping Spring Data MongoDB repositories in DEFAULT mode.
2024-10-28T11:01:19.411-06:00  INFO 10344 --- [           main] .s.d.r.c.RepositoryConfigurationDelegate : Finished Spring Data repository scanning in 48 ms. Found 2 MongoDB repository interfaces.
2024-10-28T11:01:19.815-06:00  INFO 10344 --- [           main] org.mongodb.driver.client                : MongoClient with metadata {"driver": {"name": "mongo-java-driver|sync|spring-boot", "version": "5.0.1"}, "os": {"type": "Windows", "name": "Windows 11", "architecture": "amd64", "version": "10.0"}, "platform": "Java/Oracle Corporation/17.0.11+7-LTS-207"} created with settings MongoClientSettings{readPreference=primary, writeConcern=WriteConcern{w=null, wTimeout=null ms, journal=null}, retryWrites=true, retryReads=true, readConcern=ReadConcern{level=null}, credential=MongoCredential{mechanism=null, userName='memerson13', source='admin', password=<hidden>, mechanismProperties=<hidden>}, transportSettings=null, commandListeners=[], codecRegistry=ProvidersCodecRegistry{codecProviders=[ValueCodecProvider{}, BsonValueCodecProvider{}, DBRefCodecProvider{}, DBObjectCodecProvider{}, DocumentCodecProvider{}, CollectionCodecProvider{}, IterableCodecProvider{}, MapCodecProvider{}, GeoJsonCodecProvider{}, GridFSFileCodecProvider{}, Jsr310CodecProvider{}, JsonObjectCodecProvider{}, BsonCodecProvider{}, EnumCodecProvider{}, com.mongodb.client.model.mql.ExpressionCodecProvider@6fcd31c3, com.mongodb.Jep395RecordCodecProvider@67bf0480, com.mongodb.KotlinCodecProvider@5503de1]}, loggerSettings=LoggerSettings{maxDocumentLength=1000}, clusterSettings={hosts=[127.0.0.1:27017], srvHost=cluster0.bziuf5u.mongodb.net, srvServiceName=mongodb, mode=MULTIPLE, requiredClusterType=REPLICA_SET, requiredReplicaSetName='atlas-uqj5go-shard-0', serverSelector='null', clusterListeners='[]', serverSelectionTimeout='30000 ms', localThreshold='15 ms'}, socketSettings=SocketSettings{connectTimeoutMS=10000, readTimeoutMS=0, receiveBufferSize=0, proxySettings=ProxySettings{host=null, port=null, username=null, password=null}}, heartbeatSocketSettings=SocketSettings{connectTimeoutMS=10000, readTimeoutMS=10000, receiveBufferSize=0, proxySettings=ProxySettings{host=null, port=null, username=null, password=null}}, connectionPoolSettings=ConnectionPoolSettings{maxSize=100, minSize=0, maxWaitTimeMS=120000, maxConnectionLifeTimeMS=0, maxConnectionIdleTimeMS=0, maintenanceInitialDelayMS=0, maintenanceFrequencyMS=60000, connectionPoolListeners=[], maxConnecting=2}, serverSettings=ServerSettings{heartbeatFrequencyMS=10000, minHeartbeatFrequencyMS=500, serverListeners='[]', serverMonitorListeners='[]'}, sslSettings=SslSettings{enabled=true, invalidHostNameAllowed=false, context=null}, applicationName='null', compressorList=[], uuidRepresentation=JAVA_LEGACY, serverApi=null, autoEncryptionSettings=null, dnsClient=null, inetAddressResolver=null, contextProvider=null}
2024-10-28T11:01:19.872-06:00  INFO 10344 --- [f5u.mongodb.net] org.mongodb.driver.cluster               : Adding discovered server ac-kqzjdjb-shard-00-00.bziuf5u.mongodb.net:27017 to client view of cluster
2024-10-28T11:01:19.898-06:00  INFO 10344 --- [f5u.mongodb.net] org.mongodb.driver.cluster               : Adding discovered server ac-kqzjdjb-shard-00-01.bziuf5u.mongodb.net:27017 to client view of cluster
2024-10-28T11:01:19.901-06:00  INFO 10344 --- [f5u.mongodb.net] org.mongodb.driver.cluster               : Adding discovered server ac-kqzjdjb-shard-00-02.bziuf5u.mongodb.net:27017 to client view of cluster
2024-10-28T11:01:20.170-06:00  WARN 10344 --- [           main] .s.s.UserDetailsServiceAutoConfiguration : 

Using generated security password: ef62cb7d-5bc5-4704-8a79-59719e7d3b84

This generated password is for development use only. Your security configuration must be updated before running your application in production.

2024-10-28T11:01:20.193-06:00  INFO 10344 --- [           main] r$InitializeUserDetailsManagerConfigurer : Global AuthenticationManager configured with UserDetailsService bean with name inMemoryUserDetailsManager
2024-10-28T11:01:20.514-06:00  INFO 10344 --- [ngodb.net:27017] org.mongodb.driver.cluster               : Monitor thread successfully connected to server with description ServerDescription{address=ac-kqzjdjb-shard-00-02.bziuf5u.mongodb.net:27017, type=REPLICA_SET_PRIMARY, state=CONNECTED, ok=true, minWireVersion=0, maxWireVersion=21, maxDocumentSize=16777216, logicalSessionTimeoutMinutes=30, roundTripTimeNanos=335658800, setName='atlas-uqj5go-shard-0', canonicalAddress=ac-kqzjdjb-shard-00-02.bziuf5u.mongodb.net:27017, hosts=[ac-kqzjdjb-shard-00-01.bziuf5u.mongodb.net:27017, ac-kqzjdjb-shard-00-00.bziuf5u.mongodb.net:27017, ac-kqzjdjb-shard-00-02.bziuf5u.mongodb.net:27017], passives=[], arbiters=[], primary='ac-kqzjdjb-shard-00-02.bziuf5u.mongodb.net:27017', tagSet=TagSet{[Tag{name='availabilityZone', value='use1-az5'}, Tag{name='diskState', value='READY'}, Tag{name='nodeType', value='ELECTABLE'}, Tag{name='provider', value='AWS'}, Tag{name='region', value='US_EAST_1'}, Tag{name='workloadType', value='OPERATIONAL'}]}, electionId=7fffffff00000000000002d0, setVersion=137, topologyVersion=TopologyVersion{processId=671fc2f67fcd4d0c6e64c948, counter=7}, lastWriteDate=Mon Oct 28 11:01:29 CST 2024, lastUpdateTimeNanos=55550322791600}
2024-10-28T11:01:20.520-06:00  INFO 10344 --- [ngodb.net:27017] org.mongodb.driver.cluster               : Discovered replica set primary ac-kqzjdjb-shard-00-02.bziuf5u.mongodb.net:27017 with max election id 7fffffff00000000000002d0 and max set version 137
2024-10-28T11:01:20.632-06:00  INFO 10344 --- [ngodb.net:27017] org.mongodb.driver.cluster               : Monitor thread successfully connected to server with description ServerDescription{address=ac-kqzjdjb-shard-00-01.bziuf5u.mongodb.net:27017, type=REPLICA_SET_SECONDARY, state=CONNECTED, ok=true, minWireVersion=0, maxWireVersion=21, maxDocumentSize=16777216, logicalSessionTimeoutMinutes=30, roundTripTimeNanos=456137700, setName='atlas-uqj5go-shard-0', canonicalAddress=ac-kqzjdjb-shard-00-01.bziuf5u.mongodb.net:27017, hosts=[ac-kqzjdjb-shard-00-01.bziuf5u.mongodb.net:27017, ac-kqzjdjb-shard-00-00.bziuf5u.mongodb.net:27017, ac-kqzjdjb-shard-00-02.bziuf5u.mongodb.net:27017], passives=[], arbiters=[], primary='ac-kqzjdjb-shard-00-02.bziuf5u.mongodb.net:27017', tagSet=TagSet{[Tag{name='availabilityZone', value='use1-az6'}, Tag{name='diskState', value='READY'}, Tag{name='nodeType', value='ELECTABLE'}, Tag{name='provider', value='AWS'}, Tag{name='region', value='US_EAST_1'}, Tag{name='workloadType', value='OPERATIONAL'}]}, electionId=null, setVersion=137, topologyVersion=TopologyVersion{processId=671ebb54e3711513ffa688e8, counter=9}, lastWriteDate=Mon Oct 28 11:01:29 CST 2024, lastUpdateTimeNanos=55550443281500}
2024-10-28T11:01:20.914-06:00  INFO 10344 --- [           main] o.b.api.ApiApplicationTests              : Started ApiApplicationTests in 2.157 seconds (process running for 2.735)
]]></system-out>
  </testcase>
</testsuite>