<?xml version="1.0" encoding="UTF-8"?>
<testsuite xmlns:xsi="http://www.w3.org/2001/XMLSchema-instance" xsi:noNamespaceSchemaLocation="https://maven.apache.org/surefire/maven-surefire-plugin/xsd/surefire-test-report-3.0.xsd" version="3.0" name="org.bookingsystemrestapi.api.reservas.ReservaServiceImplTest" time="0.684" tests="7" errors="0" skipped="0" failures="0">
  <properties>
[...]
</properties>
  <testcase name="deleteById_ShouldCallRepositoryDeleteById" classname="org.bookingsystemrestapi.api.reservas.ReservaServiceImplTest" time="0.577"/>
  <testcase name="findAll_ShouldReturnListOfReservas" classname="org.bookingsystemrestapi.api.reservas.ReservaServiceImplTest" time="0.053"/>
  <testcase name="findById_ShouldReturnNull_WhenReservaDoesNotExist" classname="org.bookingsystemrestapi.api.reservas.ReservaServiceImplTest" time="0.012"/>
  <testcase name="findById_ShouldReturnReserva_WhenReservaExists" classname="org.bookingsystemrestapi.api.reservas.ReservaServiceImplTest" time="0.005"/>
  <testcase name="update_ShouldReturnUpdatedReserva" classname="org.bookingsystemrestapi.api.reservas.ReservaServiceImplTest" time="0.01"/>
  <testcase name="update_ShouldThrowException_WhenReservaDoesNotExist" classname="org.bookingsystemrestapi.api.reservas.ReservaServiceImplTest" time="0.007"/>
  <testcase name="save_ShouldReturnSavedReserva" classname="org.bookingsystemrestapi.api.reservas.ReservaServiceImplTest" time="0.003"/>
</testsuite>