<?xml version="1.0" encoding="UTF-8"?>
<testsuite xmlns:xsi="http://www.w3.org/2001/XMLSchema-instance" xsi:noNamespaceSchemaLocation="https://maven.apache.org/surefire/maven-surefire-plugin/xsd/surefire-test-report-3.0.xsd" version="3.0" name="org.bookingsystemrestapi.api.ApiApplicationTests" time="6.064" tests="1" errors="0" skipped="0" failures="0">
  <properties>
[...]
</properties>
  <testcase name="contextLoads" classname="org.bookingsystemrestapi.api.ApiApplicationTests" time="1.007">
    <system-out><![CDATA[13:06:44.708 [main] INFO org.springframework.test.context.support.AnnotationConfigContextLoaderUtils -- Could not detect default configuration classes for test class [org.bookingsystemrestapi.api.ApiApplicationTests]: ApiApplicationTests does not declare any static, non-private, non-final, nested classes annotated with @Configuration.
13:06:44.872 [main] INFO org.springframework.boot.test.context.SpringBootTestContextBootstrapper -- Found @SpringBootConfiguration org.bookingsystemrestapi.api.ApiApplication for test class org.bookingsystemrestapi.api.ApiApplicationTests

  .   ____          _            __ _ _
 /\\ / ___'_ __ _ _(_)_ __  __ _ \ \ \ \
( ( )\___ | '_ | '_| | '_ \/ _` | \ \ \ \
 \\/  ___)| |_)| | | | | || (_| |  ) ) ) )
  '  |____| .__|_| |_|_| |_\__, | / / / /
 =========|_|==============|___/=/_/_/_/

 :: Spring Boot ::                (v3.3.4)

2024-10-28T13:06:45.460-06:00  INFO 15744 --- [           main] o.b.api.ApiApplicationTests              : Starting ApiApplicationTests using Java 17.0.11 with PID 15744 (started by José in C:\Curso\Bookin)
2024-10-28T13:06:45.461-06:00  INFO 15744 --- [           main] o.b.api.ApiApplicationTests              : No active profile set, falling back to 1 default profile: "default"
2024-10-28T13:06:46.464-06:00  INFO 15744 --- [           main] .s.d.r.c.RepositoryConfigurationDelegate : Bootstrapping Spring Data MongoDB repositories in DEFAULT mode.
2024-10-28T13:06:46.586-06:00  INFO 15744 --- [           main] .s.d.r.c.RepositoryConfigurationDelegate : Finished Spring Data repository scanning in 115 ms. Found 2 MongoDB repository interfaces.
2024-10-28T13:06:47.358-06:00  INFO 15744 --- [           main] org.mongodb.driver.client                : MongoClient with metadata {"driver": {"name": "mongo-java-driver|sync|spring-boot", "version": "5.0.1"}, "os": {"type": "Windows", "name": "Windows 11", "architecture": "amd64", "version": "10.0"}, "platform": "Java/Oracle Corporation/17.0.11+7-LTS-207"} created with settings MongoClientSettings{readPreference=primary, writeConcern=WriteConcern{w=null, wTimeout=null ms, journal=null}, retryWrites=true, retryReads=true, readConcern=ReadConcern{level=null}, credential=MongoCredential{mechanism=null, userName='memerson13', source='admin', password=<hidden>, mechanismProperties=<hidden>}, transportSettings=null, commandListeners=[], codecRegistry=ProvidersCodecRegistry{codecProviders=[ValueCodecProvider{}, BsonValueCodecProvider{}, DBRefCodecProvider{}, DBObjectCodecProvider{}, DocumentCodecProvider{}, CollectionCodecProvider{}, IterableCodecProvider{}, MapCodecProvider{}, GeoJsonCodecProvider{}, GridFSFileCodecProvider{}, Jsr310CodecProvider{}, JsonObjectCodecProvider{}, BsonCodecProvider{}, EnumCodecProvider{}, com.mongodb.client.model.mql.ExpressionCodecProvider@2fd72332, com.mongodb.Jep395RecordCodecProvider@51f18e31, com.mongodb.KotlinCodecProvider@60ed12e8]}, loggerSettings=LoggerSettings{maxDocumentLength=1000}, clusterSettings={hosts=[127.0.0.1:27017], srvHost=cluster0.bziuf5u.mongodb.net, srvServiceName=mongodb, mode=MULTIPLE, requiredClusterType=REPLICA_SET, requiredReplicaSetName='atlas-uqj5go-shard-0', serverSelector='null', clusterListeners='[]', serverSelectionTimeout='30000 ms', localThreshold='15 ms'}, socketSettings=SocketSettings{connectTimeoutMS=10000, readTimeoutMS=0, receiveBufferSize=0, proxySettings=ProxySettings{host=null, port=null, username=null, password=null}}, heartbeatSocketSettings=SocketSettings{connectTimeoutMS=10000, readTimeoutMS=10000, receiveBufferSize=0, proxySettings=ProxySettings{host=null, port=null, username=null, password=null}}, connectionPoolSettings=ConnectionPoolSettings{maxSize=100, minSize=0, maxWaitTimeMS=120000, maxConnectionLifeTimeMS=0, maxConnectionIdleTimeMS=0, maintenanceInitialDelayMS=0, maintenanceFrequencyMS=60000, connectionPoolListeners=[], maxConnecting=2}, serverSettings=ServerSettings{heartbeatFrequencyMS=10000, minHeartbeatFrequencyMS=500, serverListeners='[]', serverMonitorListeners='[]'}, sslSettings=SslSettings{enabled=true, invalidHostNameAllowed=false, context=null}, applicationName='null', compressorList=[], uuidRepresentation=JAVA_LEGACY, serverApi=null, autoEncryptionSettings=null, dnsClient=null, inetAddressResolver=null, contextProvider=null}
2024-10-28T13:06:47.383-06:00  INFO 15744 --- [f5u.mongodb.net] org.mongodb.driver.cluster               : Adding discovered server ac-kqzjdjb-shard-00-00.bziuf5u.mongodb.net:27017 to client view of cluster
2024-10-28T13:06:47.423-06:00  INFO 15744 --- [f5u.mongodb.net] org.mongodb.driver.cluster               : Adding discovered server ac-kqzjdjb-shard-00-01.bziuf5u.mongodb.net:27017 to client view of cluster
2024-10-28T13:06:47.427-06:00  INFO 15744 --- [f5u.mongodb.net] org.mongodb.driver.cluster               : Adding discovered server ac-kqzjdjb-shard-00-02.bziuf5u.mongodb.net:27017 to client view of cluster
2024-10-28T13:06:48.205-06:00  WARN 15744 --- [           main] .s.s.UserDetailsServiceAutoConfiguration : 

Using generated security password: e00f07d0-cb5e-4664-92a8-3d9257f7be7e

This generated password is for development use only. Your security configuration must be updated before running your application in production.

2024-10-28T13:06:48.264-06:00  INFO 15744 --- [ngodb.net:27017] org.mongodb.driver.cluster               : Monitor thread successfully connected to server with description ServerDescription{address=ac-kqzjdjb-shard-00-00.bziuf5u.mongodb.net:27017, type=REPLICA_SET_SECONDARY, state=CONNECTED, ok=true, minWireVersion=0, maxWireVersion=21, maxDocumentSize=16777216, logicalSessionTimeoutMinutes=30, roundTripTimeNanos=499640900, setName='atlas-uqj5go-shard-0', canonicalAddress=ac-kqzjdjb-shard-00-00.bziuf5u.mongodb.net:27017, hosts=[ac-kqzjdjb-shard-00-01.bziuf5u.mongodb.net:27017, ac-kqzjdjb-shard-00-00.bziuf5u.mongodb.net:27017, ac-kqzjdjb-shard-00-02.bziuf5u.mongodb.net:27017], passives=[], arbiters=[], primary='ac-kqzjdjb-shard-00-02.bziuf5u.mongodb.net:27017', tagSet=TagSet{[Tag{name='availabilityZone', value='use1-az4'}, Tag{name='diskState', value='READY'}, Tag{name='nodeType', value='ELECTABLE'}, Tag{name='provider', value='AWS'}, Tag{name='region', value='US_EAST_1'}, Tag{name='workloadType', value='OPERATIONAL'}]}, electionId=null, setVersion=139, topologyVersion=TopologyVersion{processId=671fc3de95d8680e0f0aeb87, counter=5}, lastWriteDate=Mon Oct 28 13:06:57 CST 2024, lastUpdateTimeNanos=63078069414300}
2024-10-28T13:06:48.264-06:00  INFO 15744 --- [ngodb.net:27017] org.mongodb.driver.cluster               : Monitor thread successfully connected to server with description ServerDescription{address=ac-kqzjdjb-shard-00-02.bziuf5u.mongodb.net:27017, type=REPLICA_SET_PRIMARY, state=CONNECTED, ok=true, minWireVersion=0, maxWireVersion=21, maxDocumentSize=16777216, logicalSessionTimeoutMinutes=30, roundTripTimeNanos=500270100, setName='atlas-uqj5go-shard-0', canonicalAddress=ac-kqzjdjb-shard-00-02.bziuf5u.mongodb.net:27017, hosts=[ac-kqzjdjb-shard-00-01.bziuf5u.mongodb.net:27017, ac-kqzjdjb-shard-00-00.bziuf5u.mongodb.net:27017, ac-kqzjdjb-shard-00-02.bziuf5u.mongodb.net:27017], passives=[], arbiters=[], primary='ac-kqzjdjb-shard-00-02.bziuf5u.mongodb.net:27017', tagSet=TagSet{[Tag{name='availabilityZone', value='use1-az5'}, Tag{name='diskState', value='READY'}, Tag{name='nodeType', value='ELECTABLE'}, Tag{name='provider', value='AWS'}, Tag{name='region', value='US_EAST_1'}, Tag{name='workloadType', value='OPERATIONAL'}]}, electionId=7fffffff00000000000002d0, setVersion=139, topologyVersion=TopologyVersion{processId=671fc2f67fcd4d0c6e64c948, counter=9}, lastWriteDate=Mon Oct 28 13:06:57 CST 2024, lastUpdateTimeNanos=63078069414200}
2024-10-28T13:06:48.264-06:00  INFO 15744 --- [ngodb.net:27017] org.mongodb.driver.cluster               : Monitor thread successfully connected to server with description ServerDescription{address=ac-kqzjdjb-shard-00-01.bziuf5u.mongodb.net:27017, type=REPLICA_SET_SECONDARY, state=CONNECTED, ok=true, minWireVersion=0, maxWireVersion=21, maxDocumentSize=16777216, logicalSessionTimeoutMinutes=30, roundTripTimeNanos=499690400, setName='atlas-uqj5go-shard-0', canonicalAddress=ac-kqzjdjb-shard-00-01.bziuf5u.mongodb.net:27017, hosts=[ac-kqzjdjb-shard-00-01.bziuf5u.mongodb.net:27017, ac-kqzjdjb-shard-00-00.bziuf5u.mongodb.net:27017, ac-kqzjdjb-shard-00-02.bziuf5u.mongodb.net:27017], passives=[], arbiters=[], primary='ac-kqzjdjb-shard-00-02.bziuf5u.mongodb.net:27017', tagSet=TagSet{[Tag{name='availabilityZone', value='use1-az6'}, Tag{name='diskState', value='READY'}, Tag{name='nodeType', value='ELECTABLE'}, Tag{name='provider', value='AWS'}, Tag{name='region', value='US_EAST_1'}, Tag{name='workloadType', value='OPERATIONAL'}]}, electionId=null, setVersion=139, topologyVersion=TopologyVersion{processId=671fc4e128d0944d35894cb8, counter=5}, lastWriteDate=Mon Oct 28 13:06:57 CST 2024, lastUpdateTimeNanos=63078069415000}
2024-10-28T13:06:48.275-06:00  INFO 15744 --- [ngodb.net:27017] org.mongodb.driver.cluster               : Discovered replica set primary ac-kqzjdjb-shard-00-02.bziuf5u.mongodb.net:27017 with max election id 7fffffff00000000000002d0 and max set version 139
2024-10-28T13:06:48.281-06:00  INFO 15744 --- [           main] r$InitializeUserDetailsManagerConfigurer : Global AuthenticationManager configured with UserDetailsService bean with name inMemoryUserDetailsManager
2024-10-28T13:06:49.477-06:00  INFO 15744 --- [           main] o.b.api.ApiApplicationTests              : Started ApiApplicationTests in 4.354 seconds (process running for 5.666)
]]></system-out>
  </testcase>
</testsuite>